<?xml version="1.0" encoding="UTF-8"?>
<!-- Generated by org.testng.reporters.JUnitReportReporter -->
<testsuite hostname="LAPTOP-PK8EAFF5" failures="0" tests="2" name="TestNG.LoginPageFB" time="21.588" errors="0" timestamp="2022-06-20T21:51:49 IST" skipped="1">
  <testcase classname="TestNG.LoginPageFB" name="LoginRegUserOnly" time="21.588"/>
  <system-out/>
  <testcase classname="TestNG.LoginPageFB" name="loginTest">
    <skipped/>
  </testcase> <!-- loginTest -->
  <system-out/>
</testsuite> <!-- TestNG.LoginPageFB -->
