<?xml version="1.0" encoding="UTF-8"?>
<!-- Generated by org.testng.reporters.JUnitReportReporter -->
<testsuite hostname="LAPTOP-PK8EAFF5" failures="0" tests="2" name="TestNG.ExcelSheetTestData" time="0.012" errors="0" timestamp="2022-07-10T23:22:18 IST" skipped="0">
  <testcase classname="TestNG.ExcelSheetTestData" name="data" time="0.010"/>
  <system-out/>
  <testcase classname="TestNG.ExcelSheetTestData" name="data" time="0.002"/>
  <system-out/>
</testsuite> <!-- TestNG.ExcelSheetTestData -->
